d:\workspace\c++\multiplayer-zelda-clone\x64\debug\vc143.pdb
d:\workspace\c++\multiplayer-zelda-clone\x64\debug\vc143.idb
d:\workspace\c++\multiplayer-zelda-clone\x64\debug\main.obj
d:\workspace\c++\multiplayer-zelda-clone\x64\debug\engine.obj
d:\workspace\c++\multiplayer-zelda-clone\x64\debug\timeutils.obj
d:\workspace\c++\multiplayer-zelda-clone\x64\debug\game.obj
d:\workspace\c++\multiplayer-zelda-clone\x64\debug\assetmanager.obj
d:\workspace\c++\multiplayer-zelda-clone\x64\debug\menuscreen.obj
d:\workspace\c++\multiplayer-zelda-clone\x64\debug\screenmanager.obj
d:\workspace\c++\multiplayer-zelda-clone\x64\debug\time.obj
d:\workspace\c++\multiplayer-zelda-clone\x64\debug\screenstack.obj
d:\workspace\c++\multiplayer-zelda-clone\x64\debug\titlescreen.obj
d:\workspace\c++\multiplayer-zelda-clone\x64\debug\textureholder.obj
d:\workspace\c++\multiplayer-zelda-clone\x64\debug\playscreen.obj
d:\workspace\c++\multiplayer-zelda-clone\x64\debug\screen.obj
d:\workspace\c++\multiplayer-zelda-clone\x64\debug\networkstatus.obj
d:\workspace\c++\multiplayer-zelda-clone\x64\debug\imgui_widgets.obj
d:\workspace\c++\multiplayer-zelda-clone\x64\debug\imgui_demo.obj
d:\workspace\c++\multiplayer-zelda-clone\x64\debug\imgui_tables.obj
d:\workspace\c++\multiplayer-zelda-clone\x64\debug\imgui_draw.obj
d:\workspace\c++\multiplayer-zelda-clone\x64\debug\imgui.obj
d:\workspace\c++\multiplayer-zelda-clone\x64\debug\uirenderer.obj
d:\workspace\c++\multiplayer-zelda-clone\x64\debug\networkwidget.obj
d:\workspace\c++\multiplayer-server\build\multiplayer-zelda-clone.exe
d:\workspace\c++\multiplayer-zelda-clone\x64\debug\multiplayer-zelda-clone.ilk
d:\workspace\c++\multiplayer-server\build\multiplayer-zelda-clone.pdb
d:\workspace\c++\multiplayer-zelda-clone\x64\debug\networkpanel.obj
d:\workspace\c++\multiplayer-zelda-clone\x64\debug\game.obj.enc
d:\workspace\c++\multiplayer-zelda-clone\x64\debug\multipla.50061f0b.tlog\cl.command.1.tlog
d:\workspace\c++\multiplayer-zelda-clone\x64\debug\multipla.50061f0b.tlog\cl.read.1.tlog
d:\workspace\c++\multiplayer-zelda-clone\x64\debug\multipla.50061f0b.tlog\cl.write.1.tlog
d:\workspace\c++\multiplayer-zelda-clone\x64\debug\multipla.50061f0b.tlog\link.command.1.tlog
d:\workspace\c++\multiplayer-zelda-clone\x64\debug\multipla.50061f0b.tlog\link.read.1.tlog
d:\workspace\c++\multiplayer-zelda-clone\x64\debug\multipla.50061f0b.tlog\link.write.1.tlog
